<?xml version="1.0" encoding="UTF-8"?>
<!-- Generated by org.testng.reporters.JUnitReportReporter -->
<testsuite hostname="Dark-Saber" failures="0" tests="2" name="MainFW.MainClass" time="9.078" errors="0" timestamp="2025-01-24T22:36:48 IST" skipped="0">
  <testcase classname="MainFW.MainClass" name="checkOrder" time="0.844"/>
  <testcase classname="MainFW.MainClass" name="SubmitOrder" time="8.234"/>
</testsuite> <!-- MainFW.MainClass -->
