<?xml version="1.0" encoding="UTF-8"?>
<!-- Generated by org.testng.reporters.JUnitReportReporter -->
<testsuite hostname="Dark-Saber" failures="0" tests="2" name="MainFW.MainClass" time="38.916" errors="0" timestamp="2025-01-29T08:35:52 IST" skipped="0">
  <testcase classname="MainFW.MainClass" name="SubmitOrder" time="13.205"/>
  <testcase classname="MainFW.MainClass" name="SubmitOrder" time="25.711"/>
</testsuite> <!-- MainFW.MainClass -->
