<?xml version="1.0" encoding="UTF-8"?>
<!-- Generated by org.testng.reporters.JUnitReportReporter -->
<testsuite hostname="Dark-Saber" failures="0" tests="1" name="MainFW.ErrorValidation" time="12.281" errors="0" timestamp="2025-01-29T08:24:07 IST" skipped="0">
  <testcase classname="MainFW.ErrorValidation" name="LoginErrorCheck" time="12.281"/>
</testsuite> <!-- MainFW.ErrorValidation -->
