<?xml version="1.0" encoding="UTF-8"?>
<!-- Generated by org.testng.reporters.JUnitReportReporter -->
<testsuite hostname="Dark-Saber" failures="0" tests="2" name="MainFW.ErrorValidation" time="16.469" errors="0" timestamp="2025-02-07T09:43:27 IST" skipped="0">
  <testcase classname="MainFW.ErrorValidation" name="ProductValidation" time="11.404"/>
  <testcase classname="MainFW.ErrorValidation" name="LoginErrorCheck" time="5.065"/>
</testsuite> <!-- MainFW.ErrorValidation -->
