<?xml version="1.0" encoding="UTF-8"?>
<!-- Generated by org.testng.reporters.JUnitReportReporter -->
<testsuite hostname="Dark-Saber" failures="0" tests="2" name="MainFW.MainClass" time="37.144" errors="0" timestamp="2025-04-18T20:46:52 IST" skipped="0">
  <testcase classname="MainFW.MainClass" name="SubmitOrder" time="23.113"/>
  <testcase classname="MainFW.MainClass" name="SubmitOrder" time="14.031"/>
</testsuite> <!-- MainFW.MainClass -->
