<?xml version="1.0" encoding="UTF-8"?>
<!-- Generated by org.testng.reporters.JUnitReportReporter -->
<testsuite hostname="Dark-Saber" failures="0" tests="2" name="MainFW.MainClass" time="64.034" errors="0" timestamp="2025-01-28T15:30:13 IST" skipped="0">
  <testcase classname="MainFW.MainClass" name="SubmitOrder" time="19.076"/>
  <testcase classname="MainFW.MainClass" name="SubmitOrder" time="44.958"/>
</testsuite> <!-- MainFW.MainClass -->
