<?xml version="1.0" encoding="UTF-8"?>
<!-- Generated by org.testng.reporters.JUnitReportReporter -->
<testsuite hostname="Dark-Saber" failures="0" tests="2" name="MainFW.MainClass" time="54.927" errors="0" timestamp="2025-01-29T09:09:55 IST" skipped="0">
  <testcase classname="MainFW.MainClass" name="SubmitOrder" time="32.584"/>
  <testcase classname="MainFW.MainClass" name="SubmitOrder" time="22.343"/>
</testsuite> <!-- MainFW.MainClass -->
