<?xml version="1.0" encoding="UTF-8"?>
<!-- Generated by org.testng.reporters.JUnitReportReporter -->
<testsuite hostname="Dark-Saber" failures="0" tests="2" name="MainFW.ErrorValidation" time="15.188" errors="0" timestamp="2025-02-14T09:22:27 IST" skipped="0">
  <testcase classname="MainFW.ErrorValidation" name="LoginErrorCheck" time="6.877"/>
  <testcase classname="MainFW.ErrorValidation" name="ProductValidation" time="8.311"/>
</testsuite> <!-- MainFW.ErrorValidation -->
