<?xml version="1.0" encoding="UTF-8"?>
<!-- Generated by org.testng.reporters.JUnitReportReporter -->
<testsuite hostname="Dark-Saber" failures="0" tests="3" name="MainFW.MainClass" time="48.345" errors="0" timestamp="2025-04-17T08:31:32 IST" skipped="0">
  <testcase classname="MainFW.MainClass" name="SubmitOrder" time="18.762"/>
  <testcase classname="MainFW.MainClass" name="checkOrder" time="5.295"/>
  <testcase classname="MainFW.MainClass" name="SubmitOrder" time="24.288"/>
</testsuite> <!-- MainFW.MainClass -->
