<?xml version="1.0" encoding="UTF-8"?>
<!-- Generated by org.testng.reporters.JUnitReportReporter -->
<testsuite hostname="Dark-Saber" failures="0" tests="3" name="MainFW.MainClass" time="56.118" errors="0" timestamp="2025-02-04T09:39:14 IST" skipped="0">
  <testcase classname="MainFW.MainClass" name="SubmitOrder" time="19.557"/>
  <testcase classname="MainFW.MainClass" name="checkOrder" time="18.076"/>
  <testcase classname="MainFW.MainClass" name="SubmitOrder" time="18.485"/>
</testsuite> <!-- MainFW.MainClass -->
