<?xml version="1.0" encoding="UTF-8"?>
<!-- Generated by org.testng.reporters.JUnitReportReporter -->
<testsuite hostname="Dark-Saber" failures="0" tests="2" name="MainFW.MainClass" time="30.545" errors="0" timestamp="2025-10-12T07:22:46 IST" skipped="0">
  <testcase classname="MainFW.MainClass" name="SubmitOrder" time="16.164"/>
  <testcase classname="MainFW.MainClass" name="SubmitOrder" time="14.381"/>
</testsuite> <!-- MainFW.MainClass -->
