<?xml version="1.0" encoding="UTF-8"?>
<!-- Generated by org.testng.reporters.JUnitReportReporter -->
<testsuite hostname="Dark-Saber" failures="0" tests="2" name="MainFW.MainClass" time="76.007" errors="0" timestamp="2025-05-28T19:14:03 IST" skipped="0">
  <testcase classname="MainFW.MainClass" name="SubmitOrder" time="60.708"/>
  <testcase classname="MainFW.MainClass" name="SubmitOrder" time="15.299"/>
</testsuite> <!-- MainFW.MainClass -->
