<?xml version="1.0" encoding="UTF-8"?>
<!-- Generated by org.testng.reporters.JUnitReportReporter -->
<testsuite hostname="Dark-Saber" failures="0" tests="1" name="MainFW.MainClass" time="6.357" errors="0" timestamp="2025-01-23T09:33:40 IST" skipped="0">
  <testcase classname="MainFW.MainClass" name="SubmitOrder" time="6.357"/>
</testsuite> <!-- MainFW.MainClass -->
