<?xml version="1.0" encoding="UTF-8"?>
<!-- Generated by org.testng.reporters.JUnitReportReporter -->
<testsuite hostname="Dark-Saber" failures="0" tests="2" name="MainFW.MainClass" time="43.493" errors="0" timestamp="2025-02-27T15:12:26 IST" skipped="0">
  <testcase classname="MainFW.MainClass" name="SubmitOrder" time="24.025"/>
  <testcase classname="MainFW.MainClass" name="SubmitOrder" time="19.468"/>
</testsuite> <!-- MainFW.MainClass -->
