<?xml version="1.0" encoding="UTF-8"?>
<!-- Generated by org.testng.reporters.JUnitReportReporter -->
<testsuite hostname="Dark-Saber" failures="0" tests="3" name="MainFW.MainClass" time="56.637" errors="0" timestamp="2025-04-22T21:15:25 IST" skipped="0">
  <testcase classname="MainFW.MainClass" name="SubmitOrder" time="23.164"/>
  <testcase classname="MainFW.MainClass" name="SubmitOrder" time="24.079"/>
  <testcase classname="MainFW.MainClass" name="checkOrder" time="9.394"/>
</testsuite> <!-- MainFW.MainClass -->
