<?xml version="1.0" encoding="UTF-8"?>
<!-- Generated by org.testng.reporters.JUnitReportReporter -->
<testsuite hostname="Dark-Saber" failures="0" tests="3" name="MainFW.MainClass" time="46.224" errors="0" timestamp="2025-02-07T09:43:27 IST" skipped="0">
  <testcase classname="MainFW.MainClass" name="SubmitOrder" time="18.912"/>
  <testcase classname="MainFW.MainClass" name="checkOrder" time="5.107"/>
  <testcase classname="MainFW.MainClass" name="SubmitOrder" time="22.205"/>
</testsuite> <!-- MainFW.MainClass -->
