<?xml version="1.0" encoding="UTF-8"?>
<!-- Generated by org.testng.reporters.JUnitReportReporter -->
<testsuite hostname="Dark-Saber" failures="0" tests="1" name="Cucumber.TestNGTestRunner" time="6.480" errors="0" timestamp="2025-02-11T08:53:14 IST" skipped="0">
  <testcase classname="Cucumber.TestNGTestRunner" name="runScenario" time="6.480"/>
</testsuite> <!-- Cucumber.TestNGTestRunner -->
