<?xml version="1.0" encoding="UTF-8"?>
<!-- Generated by org.testng.reporters.JUnitReportReporter -->
<testsuite hostname="Dark-Saber" failures="0" tests="2" name="Cucumber.TestNGTestRunner" time="24.365" errors="0" timestamp="2025-02-14T09:18:36 IST" skipped="0">
  <testcase classname="Cucumber.TestNGTestRunner" name="runScenario" time="5.172"/>
  <testcase classname="Cucumber.TestNGTestRunner" name="runScenario" time="19.193"/>
</testsuite> <!-- Cucumber.TestNGTestRunner -->
