<?xml version="1.0" encoding="UTF-8"?>
<!-- Generated by org.testng.reporters.JUnitReportReporter -->
<testsuite hostname="Dark-Saber" failures="0" tests="3" name="MainFW.MainClass" time="45.678" errors="0" timestamp="2025-02-14T09:22:27 IST" skipped="0">
  <testcase classname="MainFW.MainClass" name="checkOrder" time="5.135"/>
  <testcase classname="MainFW.MainClass" name="SubmitOrder" time="21.374"/>
  <testcase classname="MainFW.MainClass" name="SubmitOrder" time="19.169"/>
</testsuite> <!-- MainFW.MainClass -->
